{
  "stats": {
    "suites": 1,
    "tests": 2,
    "passes": 1,
    "pending": 0,
    "failures": 1,
    "start": "2021-12-11T10:13:44.510Z",
    "end": "2021-12-11T10:13:44.567Z",
    "duration": 57,
    "testsRegistered": 2,
    "passPercent": 50,
    "pendingPercent": 0,
    "other": 0,
    "hasOther": false,
    "skipped": 0,
    "hasSkipped": false
  },
  "results": [
    {
      "uuid": "93330d87-4871-472b-8a97-83ddfdd7d637",
      "title": "",
      "fullFile": "",
      "file": "",
      "beforeHooks": [],
      "afterHooks": [],
      "tests": [],
      "suites": [
        {
          "uuid": "2049d525-9513-47a9-ae0a-2d163e35db39",
          "title": "Node自动化测试",
          "fullFile": "/Users/edz/yd-learn/tests/services/router.spec.js",
          "file": "/tests/services/router.spec.js",
          "beforeHooks": [],
          "afterHooks": [],
          "tests": [
            {
              "title": "获取首页数据",
              "fullTitle": "Node自动化测试 获取首页数据",
              "timedOut": false,
              "duration": 36,
              "state": "passed",
              "speed": "fast",
              "pass": true,
              "fail": false,
              "pending": false,
              "context": null,
              "code": "request(app)\n    .get(\"/user\")\n    .expect(\"Content-Type\", /json/)\n    .expect(\"Content-Length\", \"15\")\n    .expect(200)\n    .end(function (err, res) {\n        if (err) {\n            done(err);\n        } else {\n            done()\n        }\n    })",
              "err": {},
              "uuid": "82fbe040-e88b-4cb3-b761-f8f6b68693af",
              "parentUUID": "2049d525-9513-47a9-ae0a-2d163e35db39",
              "isHook": false,
              "skipped": false
            },
            {
              "title": "404测试",
              "fullTitle": "Node自动化测试 404测试",
              "timedOut": false,
              "duration": 8,
              "state": "failed",
              "speed": null,
              "pass": false,
              "fail": true,
              "pending": false,
              "context": null,
              "code": "request(app)\n    .get('/xx')\n    .expect(200)\n    .end(function (err, res) {\n        if (err) {\n            done(err);\n        } else {\n            done();\n        }\n    });",
              "err": {
                "message": "Error: expected 200 \"OK\", got 404 \"Not Found\"",
                "estack": "Error: expected 200 \"OK\", got 404 \"Not Found\"\n    at Context.<anonymous> (tests/services/router.spec.js:30:14)\n----\n    at Test._assertStatus (node_modules/supertest/lib/test.js:304:12)\n    at /Users/edz/yd-learn/node_modules/supertest/lib/test.js:80:15\n    at Test._assertFunction (node_modules/supertest/lib/test.js:338:11)\n    at Test.assert (node_modules/supertest/lib/test.js:209:21)\n    at Server.localAssert (node_modules/supertest/lib/test.js:167:12)\n    at emitCloseNT (net.js:1661:8)\n    at processTicksAndRejections (internal/process/task_queues.js:81:21)",
                "diff": null
              },
              "uuid": "d71856d2-8711-4ef0-b33f-a8cd140a38e4",
              "parentUUID": "2049d525-9513-47a9-ae0a-2d163e35db39",
              "isHook": false,
              "skipped": false
            }
          ],
          "suites": [],
          "passes": [
            "82fbe040-e88b-4cb3-b761-f8f6b68693af"
          ],
          "failures": [
            "d71856d2-8711-4ef0-b33f-a8cd140a38e4"
          ],
          "pending": [],
          "skipped": [],
          "duration": 44,
          "root": false,
          "rootEmpty": false,
          "_timeout": 2000
        }
      ],
      "passes": [],
      "failures": [],
      "pending": [],
      "skipped": [],
      "duration": 0,
      "root": true,
      "rootEmpty": true,
      "_timeout": 2000
    }
  ],
  "meta": {
    "mocha": {
      "version": "9.1.3"
    },
    "mochawesome": {
      "options": {
        "quiet": true,
        "reportFilename": "mochawesome",
        "saveHtml": true,
        "saveJson": true,
        "consoleReporter": "spec",
        "useInlineDiffs": false,
        "code": true
      },
      "version": "7.0.1"
    },
    "marge": {
      "options": {
        "reportDir": "./docs/mochawesome-report",
        "quiet": true
      },
      "version": "6.0.1"
    }
  }
}